<?xml version="1.0" encoding="UTF-8"?>
<!-- Generated by org.testng.reporters.JUnitReportReporter -->
<testsuite hostname="VIPIN" failures="0" tests="2" name="com.crm.orgtest.OrgTest" time="0.005" errors="0" timestamp="2021-10-18T23:49:17 PDT" skipped="0">
  <testcase classname="com.crm.orgtest.OrgTest" name="editOrgTest" time="0.003"/>
  <system-out/>
  <testcase classname="com.crm.orgtest.OrgTest" name="createOrgTest" time="0.002"/>
  <system-out/>
</testsuite> <!-- com.crm.orgtest.OrgTest -->
