<?xml version="1.0" encoding="UTF-8"?>
<!-- Generated by org.testng.reporters.JUnitReportReporter -->
<testsuite hostname="VIPIN" failures="0" tests="2" name="com.crm.contacttest.ContactTest" time="0.026" errors="0" timestamp="2021-10-18T23:49:17 PDT" skipped="0">
  <testcase classname="com.crm.contacttest.ContactTest" name="createContactTest" time="0.021"/>
  <system-out/>
  <testcase classname="com.crm.contacttest.ContactTest" name="editContactTest" time="0.005"/>
  <system-out/>
</testsuite> <!-- com.crm.contacttest.ContactTest -->
